Running com.kspt.khandygo.em.services.AuthServiceTest
Tests run: 6, Failures: 0, Errors: 0, Skipped: 0, Time elapsed: 0.6 sec
Running com.kspt.khandygo.em.services.AwardsServiceTest
Tests run: 11, Failures: 0, Errors: 0, Skipped: 0, Time elapsed: 0.274 sec
Running com.kspt.khandygo.em.services.EmployeesServiceTest
Tests run: 1, Failures: 0, Errors: 0, Skipped: 0, Time elapsed: 0.013 sec
Running com.kspt.khandygo.em.services.OutOfOfficesServiceTest
Tests run: 5, Failures: 0, Errors: 0, Skipped: 0, Time elapsed: 0.062 sec
Running com.kspt.khandygo.em.services.VocationsServiceTest
Tests run: 11, Failures: 0, Errors: 0, Skipped: 0, Time elapsed: 0.053 sec

Results :

Tests run: 34, Failures: 0, Errors: 0, Skipped: 0